  Using 'git status' to determine working set for adaptive non-unity build (C:\Users\79997\Unreal Engine\Projects\CosmosArcadeC++).
  Parsing headers for CosmosArcadeCppEditor
    Running UnrealHeaderTool "C:\Users\79997\Unreal Engine\Projects\CosmosArcadeC++\CosmosArcadeCpp\CosmosArcadeCpp.uproject" "C:\Users\79997\Unreal Engine\Projects\CosmosArcadeC++\CosmosArcadeCpp\Intermediate\Build\Win64\CosmosArcadeCppEditor\Development\CosmosArcadeCppEditor.uhtmanifest" -LogCmds="loginit warning, logexit warning, logdatabase error" -Unattended -WarningsAsErrors -abslog="C:\Users\79997\AppData\Local\UnrealBuildTool\Log_UHT.txt" -installed
  Reflection code generated for CosmosArcadeCppEditor in 5,1514151 seconds
  Building CosmosArcadeCppEditor...
  Using Visual Studio 2019 14.28.29915 toolchain (C:\Program Files (x86)\Microsoft Visual Studio\2019\Community\VC\Tools\MSVC\14.28.29910) and Windows 10.0.19041.0 SDK (C:\Program Files (x86)\Windows Kits\10).
  Building 8 actions with 4 processes...
    [1/8] ShootComponent.cpp
    [2/8] ShootProjectile.cpp
C:\Users\79997\Unreal Engine\Projects\CosmosArcadeC++\CosmosArcadeCpp\Source\CosmosArcadeCpp\Actors\Projectiles\ShootProjectile.cpp(10): warning C4996: 'UObject::CreateAbstractDefaultSubobject': CreateAbstract did not work as intended and has been deprecated in favor of CreateDefaultObject Please update your code to the new API before upgrading to the next release, otherwise your project will no longer compile.
C:\Users\79997\Unreal Engine\Projects\CosmosArcadeC++\CosmosArcadeCpp\Source\CosmosArcadeCpp\Actors\Projectiles\ShootProjectile.cpp(13): warning C4996: 'UObject::CreateAbstractDefaultSubobject': CreateAbstract did not work as intended and has been deprecated in favor of CreateDefaultObject Please update your code to the new API before upgrading to the next release, otherwise your project will no longer compile.
    [3/8] PlayerPawn.gen.cpp
    [4/8] PlayerPawn.cpp
C:\Users\79997\Unreal Engine\Projects\CosmosArcadeC++\CosmosArcadeCpp\Source\CosmosArcadeCpp\PlayerPawn.cpp(13): warning C4996: 'UObject::CreateAbstractDefaultSubobject': CreateAbstract did not work as intended and has been deprecated in favor of CreateDefaultObject Please update your code to the new API before upgrading to the next release, otherwise your project will no longer compile.
C:\Users\79997\Unreal Engine\Projects\CosmosArcadeC++\CosmosArcadeCpp\Source\CosmosArcadeCpp\PlayerPawn.cpp(16): warning C4996: 'UObject::CreateAbstractDefaultSubobject': CreateAbstract did not work as intended and has been deprecated in favor of CreateDefaultObject Please update your code to the new API before upgrading to the next release, otherwise your project will no longer compile.
C:\Users\79997\Unreal Engine\Projects\CosmosArcadeC++\CosmosArcadeCpp\Source\CosmosArcadeCpp\PlayerPawn.cpp(19): warning C4996: 'UObject::CreateAbstractDefaultSubobject': CreateAbstract did not work as intended and has been deprecated in favor of CreateDefaultObject Please update your code to the new API before upgrading to the next release, otherwise your project will no longer compile.
C:\Users\79997\Unreal Engine\Projects\CosmosArcadeC++\CosmosArcadeCpp\Source\CosmosArcadeCpp\PlayerPawn.cpp(21): warning C4996: 'UObject::CreateAbstractDefaultSubobject': CreateAbstract did not work as intended and has been deprecated in favor of CreateDefaultObject Please update your code to the new API before upgrading to the next release, otherwise your project will no longer compile.
    [5/8] ShootComponent.gen.cpp
    [6/8] UE4Editor-CosmosArcadeCpp-0045.lib
       Creating library C:\Users\79997\Unreal Engine\Projects\CosmosArcadeC++\CosmosArcadeCpp\Intermediate\Build\Win64\UE4Editor\Development\CosmosArcadeCpp\UE4Editor-CosmosArcadeCpp-0045.lib and object C:\Users\79997\Unreal Engine\Projects\CosmosArcadeC++\CosmosArcadeCpp\Intermediate\Build\Win64\UE4Editor\Development\CosmosArcadeCpp\UE4Editor-CosmosArcadeCpp-0045.exp
    [7/8] UE4Editor-CosmosArcadeCpp-0045.dll
       Creating library C:\Users\79997\Unreal Engine\Projects\CosmosArcadeC++\CosmosArcadeCpp\Intermediate\Build\Win64\UE4Editor\Development\CosmosArcadeCpp\UE4Editor-CosmosArcadeCpp-0045.suppressed.lib and object C:\Users\79997\Unreal Engine\Projects\CosmosArcadeC++\CosmosArcadeCpp\Intermediate\Build\Win64\UE4Editor\Development\CosmosArcadeCpp\UE4Editor-CosmosArcadeCpp-0045.suppressed.exp
    [8/8] CosmosArcadeCppEditor.target
  Total time in Parallel executor: 3,80 seconds
  Total execution time: 10,08 seconds
